45
312
998
1
998
998
1
16080
248270
191
24150
49665
86154
30348
626
593
4743
138470
183399
5985
66970
14896
1
80013
59150
4011
40145
202379
217224
76560
93980
27072
121
2505
906
53938
53
26040
4042
2754
24934
33988
278
75958
58926
153088
7590
128
353
44499
13774
1
9120
149730
40950
270
682
23744
309
1848
89886
65
17238
253
112252
26058
28809
190740
19700
322
12075
858
88032
176
7590
242
56462
180
64500
77613
9540
61468
203310
7028
676
156372
5304
638
55205
111547
9888
432
99
4290
16758
228
468538
86
115868
116580
