14
32
46
4
399999996
200000000
200000000
170064454
126931872
193648180
185029428
207362634
194622276
202458498
130704316
213303444
279646942
219350426
129912072
88506034
372478934
216684984
258930486
126411304
104864474
182453066
212559160
310078436
108760002
267879142
265555066
167744680
306987254
175682366
126174540
131736814
211294136
246161658
146438770
280239668
141805886
68177388
117102896
114408042
213794272
312061662
158007330
165466860
262262332
77750670
173835680
194052504
239205408
322080172
141679790
203651516
93174674
189646318
158000664
65671974
141291988
222259958
186187094
183236374
144548956
175988834
176483738
182330182
203199964
113283012
89578194
95870692
216988986
239022000
272690848
351066016
153598102
52914344
196849508
147030680
196301896
256914986
303144240
64615270
81496032
136382894
98528970
327324446
329455910
110775710
320123580
195611976
173186328
173387874
362347072
304859874
221530352
146575194
117172812
220429166
142241564
317182934
116956808
274317270
300520004
335524906
213543000
343316360
280392266
145603736
308853722
298062856
296562108
204215440
307104004
90806606
328141766
183398090
318672898
318167496
123138116
194339346
320982268
182395798
141403994
140377850
145824670
66292660
24926976
241999274
159915766
153231934
388307984
142712552
36073056
302664542
104603446
188039952
288107668
306582106
205805044
129400592
202487462
164362390
75881898
222907768
253698302
131696772
348525192
175958884
376985182
247820468
276554912
118971798
257421020
188600526
294841558
117719278
208737948
197684632
170772176
311065816
189670188
319453934
32494034
240940522
280220792
286840186
227842374
318281872
199719270
154903712
215955182
196022368
257794142
244598774
233293198
270696626
325033524
183808074
245525974
208963984
163304254
90810024
292447094
169504960
328422980
124604746
262053396
366359226
90042760
222830254
214739536
278576564
297711042
276524160
96929468
197041818
221732646
77546662
143893734
326954510
114496604
249073220
126074966
292123504
220863370
160824496
174576520
64849872
222507842
113914350
303795888
118643322
243296620
77213896
287136452
202338962
165924654
223432292
159524980
263302030
167396406
346008026
191129118
207619076
268746776
224456266
66632826
140510686
109626210
250012230
170248212
276107866
212465622
357379834
361349696
161684242
102789396
293110584
102660002
253150914
89889168
273824864
177171262
368754228
172061588
213863278
334381930
194403924
110979090
214222114
198156030
149823964
254223958
106780694
84629980
206983286
246634980
41182068
222420674
97719714
130397646
208853852
137256920
156124672
219557658
247814316
301486268
178774122
103084996
243795446
183470988
330969324
228330946
384248966
277360602
314737104
125636100
102761312
218694060
319179412
110880668
158530006
278323870
103114910
193778968
106048352
209326240
212993448
168537710
173010426
225542502
59181478
23693242
114409502
79612920
233255386
157872046
90351560
206439014
117693702
178189310
206454730
194198060
339972726
338442154
323322038
101302900
169689206
204975518
159233626
219374714
92724142
161413974
251603952
262055322
216987480
193613070
293360242
177880832
182511914
294774798
158116500
255149974
168235844
265696606
286728700
262248130
87937716
214599110
153021298
209218824
315054800
245028556
215521970
293534306
132699668
230239332
60676066
180139614
202614772
244831130
66276952
87857246
143356062
148217116
338594650
342610456
264296096
147514490
148445164
137680972
286244912
240021452
244337032
247940982
196689720
100007850
309064390
166199352
226960422
121026894
281956728
253971954
88068676
318297588
218982956
354373490
311682848
191551942
85001506
254093824
340094838
155370214
98803238
183979804
152047268
147580574
156248066
72283302
219237458
314919284
182531318
29988386
171999804
69697822
202062600
220171074
227900030
194575244
158821026
310204134
214747478
102732778
187614428
304349208
187704764
184239754
167920206
257638952
166051230
120201064
247872508
35429772
177725150
225079624
161892970
88009476
49853532
163144346
154329232
327735934
217885934
141213318
232089826
217545246
321832030
98951160
130702412
195603272
209178744
214581890
196615978
164842384
81051128
127405440
254050904
160222666
140489616
204335144
325261688
275215090
206701282
153893568
209015856
177897652
207540082
143493118
230335636
310948292
231079656
327110252
237004352
291675258
262697352
214739176
175607516
291256574
206472490
98164140
169016118
262701658
168278082
196578120
147043366
167455080
142901686
215091170
334203604
165425896
214520064
247914628
257453336
41637688
340225154
228676544
95870574
216554758
299071104
112576918
138085650
102419626
64389868
262420612
319089782
182784640
240709744
260518008
234084412
206810578
220216180
188217310
131257670
189705702
282819342
256115350
139499178
212467452
115969560
234131196
130900156
119536968
168000024
41037536
171192832
220674042
81642068
96755338
322627830
104238890
220611534
198034100
107002618
333153338
254179916
299715390
110702454
176420702
272744870
140907112
122401104
106081268
220810130
277590136
96260874
272561644
79311396
201346510
247206660
181160654
305665734
213075422
306065518
214948036
240095028
100854842
202175578
210484612
295541388
237712260
15387820
210299232
300565560
191061632
291480862
204053708
263838648
223734490
166705456
59452330
193649422
177986182
160953888
129344510
185210928
200241968
269929970
77479016
156845186
122393970
91060320
232035644
199320542
108950300
88855326
32851844
299596690
201993270
115360990
143003652
121696108
96480256
208415812
233116728
258441384
254090224
236755182
120031058
297838854
147048630
231665266
143184708
117370296
279727418
85184860
319243690
176741474
61390750
182693938
103577314
47475752
252492344
221022324
244006148
323058854
257333910
55751064
157764310
194374890
166227074
116167686
352378592
173816962
4749564
357495338
290268252
259997294
256246586
228203094
315474840
66934940
132817922
186522550
211580070
234349890
304844992
130550494
200926906
182811534
212089586
275289162
216502820
122183202
192188724
186885062
158223504
293278386
263212284
192159156
209717496
185119130
355524006
213787072
214071818
323035316
177441782
252293490
195742482
141762352
258979624
212777226
255671448
234768192
378674766
135396848
203920200
102052682
155770232
187851082
302435408
213180654
133398188
144572658
76694610
95537666
376202980
36416124
340064868
216382876
377641754
203006006
335448348
195451646
260194106
196598308
139001730
216561830
215483690
132797182
148407830
136676690
160998344
269625146
100996566
368193262
208238568
269526020
248094512
205769634
48759642
259539008
82832142
56051918
111924196
184424328
188012500
287335434
217913920
203467568
204623962
184539688
293296424
147562310
23233266
154524716
231789638
182311818
124074598
331124822
203532614
179017852
180942586
197347102
113469630
151932662
322433184
99093874
168680844
50474786
227126768
300507764
138611192
308232444
211864620
325339074
104338896
89689336
302638464
278904756
301508228
86581856
140640784
91805886
105441766
218541898
310815910
137792076
318286710
264297022
288093504
250573768
129768814
163396414
293911064
335718796
125984198
169775810
199108764
120957938
350397734
94617278
242891382
225023044
231548916
36744092
47146628
226544584
132554572
247380794
30816222
164790462
241547774
245970422
186641618
213854552
90026906
280230818
327156202
289666250
174314338
166688388
246373094
172474930
220862804
177481312
26787260
288878514
241553694
215213422
109573022
297666914
226219316
260649828
190848498
138884172
199984052
181934696
239447382
219825014
184492922
220281372
159234726
233275616
365718812
139136156
280126448
166305404
313483746
232692598
256422268
188588350
141641940
160696504
282308806
359213572
263183788
178028514
150398862
94811312
185055198
166122220
303745212
290813722
267562390
149325130
271952248
103684108
31275190
184734438
233173032
199626828
121794524
258904862
158466910
139335064
330655066
158150610
268370666
168748968
139122750
236830796
254647000
248853800
54316362
235966044
181844582
219783870
88373242
207615812
253113426
22694956
138790072
24949106
276391484
252579970
93520478
179890860
195502018
166616958
221315654
246738308
161702736
205023772
108674768
204923222
268661480
123884356
160590580
394997464
197259308
76595764
20009404
113495700
79009368
197827466
210361660
154456542
71542200
108351492
242987952
61100340
291839366
228206164
40826692
300324118
194163964
201298382
168706404
157112422
186688438
300937980
169379090
140787020
20732150
105201442
203680002
225036786
201512936
204762226
294353942
222920494
207288054
219653364
161121696
128573744
345891320
136407836
169607988
66537874
193860876
205518860
210723232
131610170
227033240
79947508
338777516
182387330
247078092
111304322
249426864
213139754
237530862
154988598
292173980
226854206
125763166
142731124
270764800
313153828
271041424
252297324
311819258
151059364
279503638
211448110
265593926
117312210
170741908
211942554
137161020
98478368
170400204
194729840
254904254
260669528
118190480
338870598
259082068
197782168
138448594
246820740
176554266
222184282
273737624
259800690
35539134
168344688
119486978
164346412
287049100
23475970
200756624
131825824
170347630
226403230
227811390
214685570
44228928
265129290
108055082
249068716
284008108
204638596
304797610
32390854
244298474
120158982
157934028
243128302
128353466
178758496
224039404
229205028
254144458
251146364
75046722
348974896
129127954
262909328
185536170
196054302
252407676
321088660
386602458
310769068
187254256
185676052
217732928
304957254
72907932
183847154
225001580
309432124
260700866
69751806
382375506
303748478
51149534
228820902
333012294
183694010
130271970
188628884
244812438
326105940
101612854
255848612
138804620
334197862
236974526
338504176
162434142
374553284
184105170
193416650
326282058
372295164
158767172
153745588
