ac
b
a
a
a
a
b
b
d
a
b
b
q
j
j
jj
aa
bo
ai
ab
ab
bg
aa
aa
aa
ay
aa
aa
aa
aq
aa
aa
aa
ai
aa
aa
aa
aa
aa
aa
aa
aa
gh
aa
aa
aa
fv
aa
aa
aa
fn
aa
aa
aa
ff
aa
aa
aa
ex
aa
aa
aa
ep
aa
aa
aa
eh
aa
aa
aa
dz
aa
aa
aa
dr
aa
aa
aa
dj
aa
aa
aa
db
aa
aa
aa
ct
aa
aa
aa
cl
aa
aa
aa
cd
aa
aa
aa
bv
aa
aa
aa
bn
aa
aa
aa
bf
aa
aa
aa
ay
aa
aa
aa
ap
aa
aa
aa
ah
aa
aa
aa
aa
eu
ab
ab
ab
ab
cv
ac
ac
ac
ac
aw
ab
ab
ab
ab
ab
ds
ab
ab
ab
ab
bt
ab
ab
ab
ab
ab
ep
ab
ab
ab
ab
cq
ab
ab
ab
ab
ar
ab
ab
ab
ab
ab
dn
ab
ab
ab
ab
bo
ab
ab
ab
ab
ab
ek
ab
ab
ab
ab
cl
ab
ab
ab
ab
an
ab
ab
ab
ab
ab
di
ab
ab
ab
ab
bj
ab
ab
ab
ab
ab
ef
ab
ab
ab
ab
cg
ab
ab
ab
ab
ah
ab
ab
ab
ab
ab
dd
ab
ab
ab
ab
be
ab
ab
ab
ab
ab
eb
ab
ab
ab
ab
cb
ab
ab
ab
ab
ac
ab
ab
ab
ab
ab
cy
ab
ab
ab
ab
az
ab
ab
ab
ab
ab
dv
ab
ab
ab
ab
bw
aa
aa
aa
aa
aa
es
aa
aa
aa
aa
ct
aa
aa
aa
aa
au
aa
aa
aa
aa
aa
dq
aa
aa
aa
aa
br
aa
aa
aa
aa
aa
en
aa
aa
aa
aa
co
aa
aa
aa
aa
ap
aa
aa
aa
aa
aa
dl
aa
aa
aa
aa
bm
aa
aa
aa
aa
aa
ei
aa
aa
aa
aa
cj
aa
aa
aa
aa
ak
aa
aa
aa
aa
aa
dg
aa
aa
aa
aa
bh
aa
aa
aa
aa
aa
ed
aa
aa
aa
aa
ce
aa
aa
aa
aa
af
aa
aa
aa
aa
aa
dc
aa
aa
aa
aa
bc
aa
aa
aa
aa
aa
dy
aa
aa
aa
aa
bz
aa
aa
aa
aa
aa
aa
aa
aa
aa
aa
cw
aa
aa
aa
aa
ax
aa
aa
aa
aa
aa
dt
aa
aa
aa
aa
bu
aa
aa
aa
aa
aa
eq
aa
aa
aa
aa
cr
aa
aa
aa
aa
as
aa
aa
aa
aa
aa
do
aa
aa
aa
aa
bp
aa
aa
aa
aa
aa
el
aa
aa
aa
aa
cm
aa
aa
aa
aa
an
aa
aa
aa
aa
aa
dj
aa
aa
aa
aa
bk
aa
aa
aa
aa
aa
eg
aa
aa
aa
aa
ch
aa
aa
aa
aa
ai
aa
aa
aa
aa
aa
de
aa
aa
aa
aa
bf
aa
aa
aa
aa
aa
eb
aa
aa
aa
aa
cd
aa
aa
aa
aa
ad
aa
aa
aa
aa
aa
cz
aa
aa
aa
aa
ba
aa
aa
aa
aa
aa
dw
aa
aa
aa
aa
bx
aa
aa
aa
aa
aa
et
aa
aa
aa
aa
cu
aa
aa
aa
aa
av
ag
aa
aa
aa
aa
dr
aa
aa
aa
aa
bs
aa
aa
aa
aa
aa
eo
aa
aa
aa
aa
cp
aa
aa
aa
aa
aq
aa
aa
aa
aa
aa
dm
aa
aa
aa
aa
bn
aa
aa
aa
aa
aa
ej
aa
aa
aa
aa
ck
aa
aa
aa
aa
al
aa
aa
aa
aa
aa
dh
aa
aa
aa
aa
bi
aa
aa
aa
aa
aa
ee
aa
aa
aa
aa
cf
aa
aa
aa
aa
ag
aa
aa
aa
aa
aa
dc
aa
aa
aa
aa
be
aa
aa
aa
aa
aa
dz
aa
aa
aa
aa
ca
aa
aa
aa
aa
ab
aa
aa
aa
aa
aa
cx
aa
aa
aa
aa
ay
aa
aa
aa
aa
aa
du
aa
aa
aa
aa
bv
aa
aa
aa
aa
aa
er
aa
aa
aa
aa
cs
aa
aa
aa
aa
at
aa
aa
aa
aa
aa
dp
aa
aa
aa
aa
bq
aa
aa
aa
aa
aa
em
aa
aa
aa
aa
cn
aa
aa
aa
aa
ao
aa
aa
aa
aa
aa
dk
aa
aa
aa
aa
bl
aa
aa
aa
aa
aa
eh
aa
aa
aa
aa
ci
aa
aa
aa
aa
aj
aa
aa
aa
aa
aa
df
aa
aa
aa
aa
bg
aa
aa
aa
aa
aa
ec
aa
aa
aa
aa
cd
aa
aa
aa
aa
af
aa
aa
aa
aa
aa
