GKonights
UCFRocks
VRSCRBNPSWReyeueakasod
Idd
you
EVer
HAer
HEt
TRAEgdy
OF
Darth
PLAIgues
The
Swie
I
TOGThuh
NTo
ITs
Tno
a
SOtry
Hte
JDei
WOLud
TELL
You
ISt
A
SIHt
LEGDen
DArth
PAGUISle
was
A
Adrk
lord
of
Eth
Tsih
So
OWRpeful
AND
Os
IEws
Eh
Dcoul
USe
TEh
FORCe
To
UEEinflnc
Eth
IORNmdichlias
TO
ATEcre
LIFE
he
ADh
UHsc
a
KOWDGnlee
OF
The
ARdk
SIde
THAT
Eh
LDcou
VENe
KEPe
THE
OESn
HE
CEDar
Tabou
ROfm
Ndyig
Eth
DRKa
SIDE
OF
The
FREoc
IS
a
ATHApwy
Ot
many
BIEailtis
SOME
COSDERni
TO
Be
NATUALunr
HE
AMbece
SO
ERULpowf
Hte
Yonl
INthg
HE
WAS
FRADai
OF
WAS
OGlsin
HIs
POERw
WChih
TULLevenay
Of
OUREcs
HE
IDd
UNFNAEortutly
He
UHtagt
Ihs
PICaprente
RYIGevethn
HE
EWkn
HEtn
his
PRTICEapen
ILEDkl
HIM
IN
HIS
LEPse
Tis
NICiro
Eh
COLud
Asve
OERSth
FROm
DEath
Tbu
not
HFimsel
HVsee
ALATppine
ARlry
has
SO
Yman
PASSsword
he
Sneed
TO
REMBemer
AND
HE
Si
HAGvin
A
Very
ICULTdffi
Etim
Idong
Ti
Eh
NYol
USSe
ETEltrs
BUt
Shi
URENcrt
PDasswors
Od
UEs
a
IXTUmre
of
PCAuperse
And
OEAlwrcse
LETEStr
THis
JUSt
ADSd
TO
Eth
CMLXIYopet
OF
HEt
PASWDsors
AND
Makes
Ethm
Simply
REOSTERUSppo
Eh
has
DECIDde
To
VEgi
Pu
and
MPFsiliy
HIS
SDpaswors
HVRowee
HE
ESdo
Ont
Awnt
To
HONsrte
TEhm
SO
SEAintd
HE
WILl
SPLYim
MEov
ALl
Hte
PRCSupeae
Tleters
TO
HEt
FNTro
Ubt
TANGmainini
TERhi
SAME
ETIErlav
Eordr
All
LWSoercae
LETERSt
RAemin
In
THRei
AIEreltv
ODErr
as
well
HE
WATns
YOUr
LPhe
Ot
CONVRet
HIS
WDpassors
